"../../../Engine/Content/EditorResources/S_Actor.ubulk" 0
"../../../Engine/Content/EditorResources/S_Actor.uasset" 1
"../../../Engine/Content/EditorResources/S_Actor.uexp" 2
"../../../Engine/Content/EditorResources/S_BoxReflectionCapture.uasset" 3
"../../../Engine/Content/EditorResources/S_BoxReflectionCapture.uexp" 4
"../../../Engine/Content/EngineResources/DefaultTexture.ubulk" 5
"../../../Engine/Content/EngineResources/DefaultTexture.uasset" 6
"../../../Engine/Content/EngineResources/DefaultTexture.uexp" 7
"../../../Engine/Content/EngineResources/DefaultTextureCube.uasset" 8
"../../../Engine/Content/EngineResources/DefaultTextureCube.uexp" 9
"../../../Engine/Content/EngineResources/DefaultVolumeTexture2D.uasset" 10
"../../../Engine/Content/EngineResources/DefaultVolumeTexture2D.uexp" 11
"../../../Engine/Content/EngineResources/DefaultVolumeTexture.uasset" 12
"../../../Engine/Content/EngineResources/DefaultVolumeTexture.uexp" 13
"../../../Engine/Content/EditorResources/S_Trigger.ubulk" 14
"../../../Engine/Content/EditorResources/S_Trigger.uasset" 15
"../../../Engine/Content/EditorResources/S_Trigger.uexp" 16
"../../../Engine/Content/EditorResources/S_TriggerBox.uasset" 17
"../../../Engine/Content/EditorResources/S_TriggerBox.uexp" 18
"../../../Engine/Content/EditorResources/S_TriggerCapsule.uasset" 19
"../../../Engine/Content/EditorResources/S_TriggerCapsule.uexp" 20
"../../../Engine/Content/EditorResources/S_TriggerSphere.uasset" 21
"../../../Engine/Content/EditorResources/S_TriggerSphere.uexp" 22
"../../../Engine/Content/EngineMeshes/Sphere.ubulk" 23
"../../../Engine/Content/EngineMeshes/Sphere.uasset" 24
"../../../Engine/Content/EngineMeshes/Sphere.uexp" 25
"../../../Engine/Content/EngineResources/GradientTexture0.uasset" 26
"../../../Engine/Content/EngineResources/GradientTexture0.uexp" 27
"../../../Engine/Content/EngineResources/Black.uasset" 28
"../../../Engine/Content/EngineResources/Black.uexp" 29
"../../../Engine/Content/VREditor/LaserPointer/VR_LaserPower_01.ubulk" 30
"../../../Engine/Content/VREditor/LaserPointer/VR_LaserPower_01.uasset" 31
"../../../Engine/Content/VREditor/LaserPointer/VR_LaserPower_01.uexp" 32
"../../../Engine/Content/VREditor/TransformGizmo/TransformGizmoMaterial.uasset" 33
"../../../Engine/Content/VREditor/TransformGizmo/TransformGizmoMaterial.uexp" 34
"../../../Engine/Content/VREditor/TransformGizmo/TranslucentTransformGizmoMaterial.uasset" 35
"../../../Engine/Content/VREditor/TransformGizmo/TranslucentTransformGizmoMaterial.uexp" 36
"../../../Engine/Content/VREditor/TransformGizmo/PlaneTranslationHandle.ubulk" 37
"../../../Engine/Content/VREditor/TransformGizmo/PlaneTranslationHandle.uasset" 38
"../../../Engine/Content/VREditor/TransformGizmo/PlaneTranslationHandle.uexp" 39
"../../../Engine/Content/VREditor/TransformGizmo/BoundingBoxCorner.ubulk" 40
"../../../Engine/Content/VREditor/TransformGizmo/BoundingBoxCorner.uasset" 41
"../../../Engine/Content/VREditor/TransformGizmo/BoundingBoxCorner.uexp" 42
"../../../Engine/Content/VREditor/TransformGizmo/BoundingBoxEdge.ubulk" 43
"../../../Engine/Content/VREditor/TransformGizmo/BoundingBoxEdge.uasset" 44
"../../../Engine/Content/VREditor/TransformGizmo/BoundingBoxEdge.uexp" 45
"../../../Engine/Content/VREditor/TransformGizmo/Main.uasset" 46
"../../../Engine/Content/VREditor/TransformGizmo/Main.uexp" 47
"../../../Engine/Content/VREditor/TransformGizmo/Xray.uasset" 48
"../../../Engine/Content/VREditor/TransformGizmo/Xray.uexp" 49
"../../../Engine/Content/VREditor/TransformGizmo/SM_Sequencer_Node.ubulk" 50
"../../../Engine/Content/VREditor/TransformGizmo/SM_Sequencer_Node.uasset" 51
"../../../Engine/Content/VREditor/TransformGizmo/SM_Sequencer_Node.uexp" 52
"../../../Engine/Content/EditorMaterials/Camera/CineMat.uasset" 53
"../../../Engine/Content/EditorMaterials/Camera/CineMat.uexp" 54
"../../../Engine/Content/EditorMaterials/Camera/MI_CineMat_Rig.uasset" 55
"../../../Engine/Content/EditorMaterials/Camera/MI_CineMat_Rig.uexp" 56
"../../../Engine/Content/EditorMeshes/Camera/SM_CraneRig_Base.ubulk" 57
"../../../Engine/Content/EditorMeshes/Camera/SM_CraneRig_Base.uasset" 58
"../../../Engine/Content/EditorMeshes/Camera/SM_CraneRig_Base.uexp" 59
"../../../Engine/Content/EditorMeshes/Camera/SM_CraneRig_Arm.ubulk" 60
"../../../Engine/Content/EditorMeshes/Camera/SM_CraneRig_Arm.uasset" 61
"../../../Engine/Content/EditorMeshes/Camera/SM_CraneRig_Arm.uexp" 62
"../../../Engine/Content/EditorMeshes/Camera/SM_CraneRig_Mount.ubulk" 63
"../../../Engine/Content/EditorMeshes/Camera/SM_CraneRig_Mount.uasset" 64
"../../../Engine/Content/EditorMeshes/Camera/SM_CraneRig_Mount.uexp" 65
"../../../Engine/Content/EditorMeshes/Camera/SM_CraneRig_Body.ubulk" 66
"../../../Engine/Content/EditorMeshes/Camera/SM_CraneRig_Body.uasset" 67
"../../../Engine/Content/EditorMeshes/Camera/SM_CraneRig_Body.uexp" 68
"../../../Engine/Content/EditorMeshes/Camera/SM_RailRig_Track.ubulk" 69
"../../../Engine/Content/EditorMeshes/Camera/SM_RailRig_Track.uasset" 70
"../../../Engine/Content/EditorMeshes/Camera/SM_RailRig_Track.uexp" 71
"../../../Engine/Content/EditorMeshes/Camera/SM_RailRig_Mount.ubulk" 72
"../../../Engine/Content/EditorMeshes/Camera/SM_RailRig_Mount.uasset" 73
"../../../Engine/Content/EditorMeshes/Camera/SM_RailRig_Mount.uexp" 74
"../../../Engine/Content/EngineMaterials/T_Default_Material_Grid_M.ubulk" 75
"../../../Engine/Content/EngineMaterials/T_Default_Material_Grid_M.uasset" 76
"../../../Engine/Content/EngineMaterials/T_Default_Material_Grid_M.uexp" 77
"../../../Engine/Content/EngineMaterials/T_Default_Material_Grid_N.ubulk" 78
"../../../Engine/Content/EngineMaterials/T_Default_Material_Grid_N.uasset" 79
"../../../Engine/Content/EngineMaterials/T_Default_Material_Grid_N.uexp" 80
"../../../Engine/Content/Functions/Engine_MaterialFunctions01/Opacity/CameraDepthFade.uasset" 81
"../../../Engine/Content/Functions/Engine_MaterialFunctions01/Opacity/CameraDepthFade.uexp" 82
"../../../Engine/Content/EngineMaterials/WorldGridMaterial.uasset" 83
"../../../Engine/Content/EngineMaterials/WorldGridMaterial.uexp" 84
"../../../Engine/Content/ArtTools/RenderToTexture/Meshes/S_1_Unit_Plane.ubulk" 85
"../../../Engine/Content/ArtTools/RenderToTexture/Meshes/S_1_Unit_Plane.uasset" 86
"../../../Engine/Content/ArtTools/RenderToTexture/Meshes/S_1_Unit_Plane.uexp" 87
"../../../Engine/Content/EditorMaterials/ParticleSystems/PSysThumbnail_NoImage.ubulk" 88
"../../../Engine/Content/EditorMaterials/ParticleSystems/PSysThumbnail_NoImage.uasset" 89
"../../../Engine/Content/EditorMaterials/ParticleSystems/PSysThumbnail_NoImage.uexp" 90
"../../../Engine/Content/EditorMaterials/ParticleSystems/PSysThumbnail_OOD.ubulk" 91
"../../../Engine/Content/EditorMaterials/ParticleSystems/PSysThumbnail_OOD.uasset" 92
"../../../Engine/Content/EditorMaterials/ParticleSystems/PSysThumbnail_OOD.uexp" 93
"../../../Engine/Content/EditorLandscapeResources/SplineEditorMeshMat.uasset" 94
"../../../Engine/Content/EditorLandscapeResources/SplineEditorMeshMat.uexp" 95
"../../../Engine/Content/EditorLandscapeResources/SplineEditorMesh.ubulk" 96
"../../../Engine/Content/EditorLandscapeResources/SplineEditorMesh.uasset" 97
"../../../Engine/Content/EditorLandscapeResources/SplineEditorMesh.uexp" 98
"../../../Engine/Content/EditorResources/S_Solver.ubulk" 99
"../../../Engine/Content/EditorResources/S_Solver.uasset" 100
"../../../Engine/Content/EditorResources/S_Solver.uexp" 101
"../../../Engine/Plugins/Media/MediaPlate/Content/SM_MediaPlateScreen.ubulk" 102
"../../../Engine/Plugins/Media/MediaPlate/Content/SM_MediaPlateScreen.uasset" 103
"../../../Engine/Plugins/Media/MediaPlate/Content/SM_MediaPlateScreen.uexp" 104
"../../../Engine/Content/EngineMaterials/Good64x64TilingNoiseHighFreq.uasset" 105
"../../../Engine/Content/EngineMaterials/Good64x64TilingNoiseHighFreq.uexp" 106
"../../../Engine/Content/EngineMaterials/DefaultBokeh.uasset" 107
"../../../Engine/Content/EngineMaterials/DefaultBokeh.uexp" 108
"../../../Engine/Content/EngineMaterials/PreintegratedSkinBRDF.uasset" 109
"../../../Engine/Content/EngineMaterials/PreintegratedSkinBRDF.uexp" 110
"../../../Engine/Content/EngineMaterials/MiniFont.uasset" 111
"../../../Engine/Content/EngineMaterials/MiniFont.uexp" 112
"../../../Engine/Content/EngineMaterials/WeightMapPlaceholderTexture.uasset" 113
"../../../Engine/Content/EngineMaterials/WeightMapPlaceholderTexture.uexp" 114
"../../../Engine/Content/EngineMaterials/DefaultWhiteGrid.ubulk" 115
"../../../Engine/Content/EngineMaterials/DefaultWhiteGrid.uasset" 116
"../../../Engine/Content/EngineMaterials/DefaultWhiteGrid.uexp" 117
"../../../Engine/Plugins/2D/Paper2D/Content/PlaceholderTextures/DummySpriteTexture.ubulk" 118
"../../../Engine/Plugins/2D/Paper2D/Content/PlaceholderTextures/DummySpriteTexture.uasset" 119
"../../../Engine/Plugins/2D/Paper2D/Content/PlaceholderTextures/DummySpriteTexture.uexp" 120
"../../../Engine/Plugins/2D/Paper2D/Content/DefaultSpriteMaterial.uasset" 121
"../../../Engine/Plugins/2D/Paper2D/Content/DefaultSpriteMaterial.uexp" 122
"../../../Engine/Plugins/2D/Paper2D/Content/OpaqueUnlitSpriteMaterial.uasset" 123
"../../../Engine/Plugins/2D/Paper2D/Content/OpaqueUnlitSpriteMaterial.uexp" 124
"../../../Engine/Plugins/2D/Paper2D/Content/MaskedUnlitSpriteMaterial.uasset" 125
"../../../Engine/Plugins/2D/Paper2D/Content/MaskedUnlitSpriteMaterial.uexp" 126
"../../../Engine/Plugins/2D/Paper2D/Content/DummySprite.uasset" 127
"../../../Engine/Plugins/2D/Paper2D/Content/DummySprite.uexp" 128
"../../../Engine/Plugins/2D/Paper2D/Content/DefaultPaperTerrainMaterial.uasset" 129
"../../../Engine/Plugins/2D/Paper2D/Content/DefaultPaperTerrainMaterial.uexp" 130
"../../../Engine/Content/Functions/Engine_MaterialFunctions02/WorldPositionOffset/CameraOffset.uasset" 131
"../../../Engine/Content/Functions/Engine_MaterialFunctions02/WorldPositionOffset/CameraOffset.uexp" 132
"../../../Engine/Plugins/Animation/ControlRig/Content/M_Manip.uasset" 133
"../../../Engine/Plugins/Animation/ControlRig/Content/M_Manip.uexp" 134
"../../../Engine/Content/Animation/DefaultRecorderBoneCompression.uasset" 135
"../../../Engine/Content/Animation/DefaultRecorderBoneCompression.uexp" 136
"../../../Engine/Content/Animation/DefaultAnimCurveCompressionSettings.uasset" 137
"../../../Engine/Content/Animation/DefaultAnimCurveCompressionSettings.uexp" 138
"../../../Engine/Content/Animation/DefaultAnimBoneCompressionSettings.uasset" 139
"../../../Engine/Content/Animation/DefaultAnimBoneCompressionSettings.uexp" 140
"../../../Engine/Content/EditorLandscapeResources/DefaultAlphaTexture.uasset" 141
"../../../Engine/Content/EditorLandscapeResources/DefaultAlphaTexture.uexp" 142
"../../../Engine/Content/EditorLandscapeResources/DataLayer.uasset" 143
"../../../Engine/Content/EditorLandscapeResources/DataLayer.uexp" 144
"../../../Engine/Content/EngineMaterials/DefaultMaterial.uasset" 145
"../../../Engine/Content/EngineMaterials/DefaultMaterial.uexp" 146
"../../../Engine/Content/BasicShapes/Sphere.ubulk" 147
"../../../Engine/Content/BasicShapes/Sphere.uasset" 148
"../../../Engine/Content/BasicShapes/Sphere.uexp" 149
"../../../Engine/Content/BasicShapes/Cylinder.ubulk" 150
"../../../Engine/Content/BasicShapes/Cylinder.uasset" 151
"../../../Engine/Content/BasicShapes/Cylinder.uexp" 152
"../../../Engine/Content/BasicShapes/Cone.ubulk" 153
"../../../Engine/Content/BasicShapes/Cone.uasset" 154
"../../../Engine/Content/BasicShapes/Cone.uexp" 155
"../../../Engine/Plugins/Editor/SpeedTreeImporter/Content/SpeedTree9/game_wind_noise.ubulk" 156
"../../../Engine/Plugins/Editor/SpeedTreeImporter/Content/SpeedTree9/game_wind_noise.uasset" 157
"../../../Engine/Plugins/Editor/SpeedTreeImporter/Content/SpeedTree9/game_wind_noise.uexp" 158
"../../../Engine/Plugins/Editor/SpeedTreeImporter/Content/SpeedTree9/UnpackDirection.uasset" 159
"../../../Engine/Plugins/Editor/SpeedTreeImporter/Content/SpeedTree9/UnpackDirection.uexp" 160
"../../../Engine/Content/Functions/Engine_MaterialFunctions02/ObjectLocalBounds.uasset" 161
"../../../Engine/Content/Functions/Engine_MaterialFunctions02/ObjectLocalBounds.uexp" 162
"../../../Engine/Content/Functions/Engine_MaterialFunctions02/Utility/BreakOutFloat3Components.uasset" 163
"../../../Engine/Content/Functions/Engine_MaterialFunctions02/Utility/BreakOutFloat3Components.uexp" 164
"../../../Engine/Content/Functions/Engine_MaterialFunctions02/UVs/BoundingBoxBased_0-1_UVW.uasset" 165
"../../../Engine/Content/Functions/Engine_MaterialFunctions02/UVs/BoundingBoxBased_0-1_UVW.uexp" 166
"../../../Engine/Content/Functions/Engine_MaterialFunctions02/Utility/VectorLength.uasset" 167
"../../../Engine/Content/Functions/Engine_MaterialFunctions02/Utility/VectorLength.uexp" 168
"../../../Engine/Plugins/Editor/SpeedTreeImporter/Content/SpeedTree9/UnpackInteger3.uasset" 169
"../../../Engine/Plugins/Editor/SpeedTreeImporter/Content/SpeedTree9/UnpackInteger3.uexp" 170
"../../../Engine/Plugins/Editor/SpeedTreeImporter/Content/SpeedTree9/SpeedTreeCameraFacing.uasset" 171
"../../../Engine/Plugins/Editor/SpeedTreeImporter/Content/SpeedTree9/SpeedTreeCameraFacing.uexp" 172
"../../../Engine/Content/Functions/Engine_MaterialFunctions02/WorldPositionOffset/ObjectScale.uasset" 173
"../../../Engine/Content/Functions/Engine_MaterialFunctions02/WorldPositionOffset/ObjectScale.uexp" 174
"../../../Engine/Content/Functions/Engine_MaterialFunctions02/SafeNormalize.uasset" 175
"../../../Engine/Content/Functions/Engine_MaterialFunctions02/SafeNormalize.uexp" 176
"../../../Engine/Plugins/Editor/SpeedTreeImporter/Content/SpeedTree9/SpeedTreeWindMotion.uasset" 177
"../../../Engine/Plugins/Editor/SpeedTreeImporter/Content/SpeedTree9/SpeedTreeWindMotion.uexp" 178
"../../../Engine/Plugins/Editor/SpeedTreeImporter/Content/SpeedTree9/SpeedTreeBranchMotion.uasset" 179
"../../../Engine/Plugins/Editor/SpeedTreeImporter/Content/SpeedTree9/SpeedTreeBranchMotion.uexp" 180
"../../../Engine/Plugins/Editor/SpeedTreeImporter/Content/SpeedTree9/SpeedTreeWind.uasset" 181
"../../../Engine/Plugins/Editor/SpeedTreeImporter/Content/SpeedTree9/SpeedTreeWind.uexp" 182
"../../../Engine/Plugins/Editor/SpeedTreeImporter/Content/SpeedTree9/EmptyNormal.uasset" 183
"../../../Engine/Plugins/Editor/SpeedTreeImporter/Content/SpeedTree9/EmptyNormal.uexp" 184
"../../../Engine/Plugins/Editor/SpeedTreeImporter/Content/SpeedTree9/Empty.uasset" 185
"../../../Engine/Plugins/Editor/SpeedTreeImporter/Content/SpeedTree9/Empty.uexp" 186
"../../../Engine/Plugins/Editor/SpeedTreeImporter/Content/SpeedTree9/SpeedTreeMaster.uasset" 187
"../../../Engine/Plugins/Editor/SpeedTreeImporter/Content/SpeedTree9/SpeedTreeMaster.uexp" 188
"../../../Engine/Plugins/Editor/SpeedTreeImporter/Content/SpeedTree9/SpeedTreeBillboard.uasset" 189
"../../../Engine/Plugins/Editor/SpeedTreeImporter/Content/SpeedTree9/SpeedTreeBillboard.uexp" 190
"../../../Engine/Plugins/Editor/SpeedTreeImporter/Content/SpeedTree9/SpeedTreeBillboardMaster.uasset" 191
"../../../Engine/Plugins/Editor/SpeedTreeImporter/Content/SpeedTree9/SpeedTreeBillboardMaster.uexp" 192
"../../../Engine/Plugins/Animation/ControlRig/Content/Controls/DefaultGizmoLibraryNormalized.uasset" 193
"../../../Engine/Plugins/Animation/ControlRig/Content/Controls/DefaultGizmoLibraryNormalized.uexp" 194
"../../../Engine/Plugins/Animation/ControlRig/Content/Controls/ControlRig_Wedge_solid.ubulk" 195
"../../../Engine/Plugins/Animation/ControlRig/Content/Controls/ControlRig_Wedge_solid.uasset" 196
"../../../Engine/Plugins/Animation/ControlRig/Content/Controls/ControlRig_Wedge_solid.uexp" 197
"../../../Engine/Plugins/Animation/ControlRig/Content/Controls/ControlRig_Wedge_3mm.ubulk" 198
"../../../Engine/Plugins/Animation/ControlRig/Content/Controls/ControlRig_Wedge_3mm.uasset" 199
"../../../Engine/Plugins/Animation/ControlRig/Content/Controls/ControlRig_Wedge_3mm.uexp" 200
"../../../Engine/Plugins/Animation/ControlRig/Content/Controls/ControlRig_Wedge_1mm.ubulk" 201
"../../../Engine/Plugins/Animation/ControlRig/Content/Controls/ControlRig_Wedge_1mm.uasset" 202
"../../../Engine/Plugins/Animation/ControlRig/Content/Controls/ControlRig_Wedge_1mm.uexp" 203
"../../../Engine/Plugins/Animation/ControlRig/Content/Controls/ControlRig_Triangle_solid.ubulk" 204
"../../../Engine/Plugins/Animation/ControlRig/Content/Controls/ControlRig_Triangle_solid.uasset" 205
"../../../Engine/Plugins/Animation/ControlRig/Content/Controls/ControlRig_Triangle_solid.uexp" 206
"../../../Engine/Plugins/Animation/ControlRig/Content/Controls/ControlRig_Triangle_3mm.ubulk" 207
"../../../Engine/Plugins/Animation/ControlRig/Content/Controls/ControlRig_Triangle_3mm.uasset" 208
"../../../Engine/Plugins/Animation/ControlRig/Content/Controls/ControlRig_Triangle_3mm.uexp" 209
"../../../Engine/Plugins/Animation/ControlRig/Content/Controls/ControlRig_Triangle_1mm.ubulk" 210
"../../../Engine/Plugins/Animation/ControlRig/Content/Controls/ControlRig_Triangle_1mm.uasset" 211
"../../../Engine/Plugins/Animation/ControlRig/Content/Controls/ControlRig_Triangle_1mm.uexp" 212
"../../../Engine/Plugins/Animation/ControlRig/Content/Controls/ControlRig_Star4_solid.ubulk" 213
"../../../Engine/Plugins/Animation/ControlRig/Content/Controls/ControlRig_Star4_solid.uasset" 214
"../../../Engine/Plugins/Animation/ControlRig/Content/Controls/ControlRig_Star4_solid.uexp" 215
"../../../Engine/Plugins/Animation/ControlRig/Content/Controls/ControlRig_Star4_3mm.ubulk" 216
"../../../Engine/Plugins/Animation/ControlRig/Content/Controls/ControlRig_Star4_3mm.uasset" 217
"../../../Engine/Plugins/Animation/ControlRig/Content/Controls/ControlRig_Star4_3mm.uexp" 218
"../../../Engine/Plugins/Animation/ControlRig/Content/Controls/ControlRig_Star4_1mm.ubulk" 219
"../../../Engine/Plugins/Animation/ControlRig/Content/Controls/ControlRig_Star4_1mm.uasset" 220
"../../../Engine/Plugins/Animation/ControlRig/Content/Controls/ControlRig_Star4_1mm.uexp" 221
"../../../Engine/Plugins/Animation/ControlRig/Content/Controls/ControlRig_Square_solid.ubulk" 222
"../../../Engine/Plugins/Animation/ControlRig/Content/Controls/ControlRig_Square_solid.uasset" 223
"../../../Engine/Plugins/Animation/ControlRig/Content/Controls/ControlRig_Square_solid.uexp" 224
"../../../Engine/Plugins/Animation/ControlRig/Content/Controls/ControlRig_Square_3mm.ubulk" 225
"../../../Engine/Plugins/Animation/ControlRig/Content/Controls/ControlRig_Square_3mm.uasset" 226
"../../../Engine/Plugins/Animation/ControlRig/Content/Controls/ControlRig_Square_3mm.uexp" 227
"../../../Engine/Plugins/Animation/ControlRig/Content/Controls/ControlRig_Square_1mm.ubulk" 228
"../../../Engine/Plugins/Animation/ControlRig/Content/Controls/ControlRig_Square_1mm.uasset" 229
"../../../Engine/Plugins/Animation/ControlRig/Content/Controls/ControlRig_Square_1mm.uexp" 230
"../../../Engine/Plugins/Animation/ControlRig/Content/Controls/ControlRig_Sphere_solid.ubulk" 231
"../../../Engine/Plugins/Animation/ControlRig/Content/Controls/ControlRig_Sphere_solid.uasset" 232
"../../../Engine/Plugins/Animation/ControlRig/Content/Controls/ControlRig_Sphere_solid.uexp" 233
"../../../Engine/Plugins/Animation/ControlRig/Content/Controls/ControlRig_Sphere_3mm.ubulk" 234
"../../../Engine/Plugins/Animation/ControlRig/Content/Controls/ControlRig_Sphere_3mm.uasset" 235
"../../../Engine/Plugins/Animation/ControlRig/Content/Controls/ControlRig_Sphere_3mm.uexp" 236
"../../../Engine/Plugins/Animation/ControlRig/Content/Controls/ControlRig_Sphere_1mm.ubulk" 237
"../../../Engine/Plugins/Animation/ControlRig/Content/Controls/ControlRig_Sphere_1mm.uasset" 238
"../../../Engine/Plugins/Animation/ControlRig/Content/Controls/ControlRig_Sphere_1mm.uexp" 239
"../../../Engine/Plugins/Animation/ControlRig/Content/Controls/ControlRig_RoundedTriangle_solid.ubulk" 240
"../../../Engine/Plugins/Animation/ControlRig/Content/Controls/ControlRig_RoundedTriangle_solid.uasset" 241
"../../../Engine/Plugins/Animation/ControlRig/Content/Controls/ControlRig_RoundedTriangle_solid.uexp" 242
"../../../Engine/Plugins/Animation/ControlRig/Content/Controls/ControlRig_RoundedTriangle_3mm.ubulk" 243
"../../../Engine/Plugins/Animation/ControlRig/Content/Controls/ControlRig_RoundedTriangle_3mm.uasset" 244
"../../../Engine/Plugins/Animation/ControlRig/Content/Controls/ControlRig_RoundedTriangle_3mm.uexp" 245
"../../../Engine/Plugins/Animation/ControlRig/Content/Controls/ControlRig_RoundedTriangle_1mm.ubulk" 246
"../../../Engine/Plugins/Animation/ControlRig/Content/Controls/ControlRig_RoundedTriangle_1mm.uasset" 247
"../../../Engine/Plugins/Animation/ControlRig/Content/Controls/ControlRig_RoundedTriangle_1mm.uexp" 248
"../../../Engine/Plugins/Animation/ControlRig/Content/Controls/ControlRig_RoundedSquare_solid.ubulk" 249
"../../../Engine/Plugins/Animation/ControlRig/Content/Controls/ControlRig_RoundedSquare_solid.uasset" 250
"../../../Engine/Plugins/Animation/ControlRig/Content/Controls/ControlRig_RoundedSquare_solid.uexp" 251
"../../../Engine/Plugins/Animation/ControlRig/Content/Controls/ControlRig_RoundedSquare_3mm.ubulk" 252
"../../../Engine/Plugins/Animation/ControlRig/Content/Controls/ControlRig_RoundedSquare_3mm.uasset" 253
"../../../Engine/Plugins/Animation/ControlRig/Content/Controls/ControlRig_RoundedSquare_3mm.uexp" 254
"../../../Engine/Plugins/Animation/ControlRig/Content/Controls/ControlRig_RoundedSquare_1mm.ubulk" 255
"../../../Engine/Plugins/Animation/ControlRig/Content/Controls/ControlRig_RoundedSquare_1mm.uasset" 256
"../../../Engine/Plugins/Animation/ControlRig/Content/Controls/ControlRig_RoundedSquare_1mm.uexp" 257
"../../../Engine/Plugins/Animation/ControlRig/Content/Controls/ControlRig_QuarterCircle_solid.ubulk" 258
"../../../Engine/Plugins/Animation/ControlRig/Content/Controls/ControlRig_QuarterCircle_solid.uasset" 259
"../../../Engine/Plugins/Animation/ControlRig/Content/Controls/ControlRig_QuarterCircle_solid.uexp" 260
"../../../Engine/Plugins/Animation/ControlRig/Content/Controls/ControlRig_QuarterCircle_3mm.ubulk" 261
"../../../Engine/Plugins/Animation/ControlRig/Content/Controls/ControlRig_QuarterCircle_3mm.uasset" 262
"../../../Engine/Plugins/Animation/ControlRig/Content/Controls/ControlRig_QuarterCircle_3mm.uexp" 263
"../../../Engine/Plugins/Animation/ControlRig/Content/Controls/ControlRig_QuarterCircle_1mm.ubulk" 264
"../../../Engine/Plugins/Animation/ControlRig/Content/Controls/ControlRig_QuarterCircle_1mm.uasset" 265
"../../../Engine/Plugins/Animation/ControlRig/Content/Controls/ControlRig_QuarterCircle_1mm.uexp" 266
"../../../Engine/Plugins/Animation/ControlRig/Content/Controls/ControlRig_Pyramid_solid.ubulk" 267
"../../../Engine/Plugins/Animation/ControlRig/Content/Controls/ControlRig_Pyramid_solid.uasset" 268
"../../../Engine/Plugins/Animation/ControlRig/Content/Controls/ControlRig_Pyramid_solid.uexp" 269
"../../../Engine/Plugins/Animation/ControlRig/Content/Controls/ControlRig_Pyramid_3mm.ubulk" 270
"../../../Engine/Plugins/Animation/ControlRig/Content/Controls/ControlRig_Pyramid_3mm.uasset" 271
"../../../Engine/Plugins/Animation/ControlRig/Content/Controls/ControlRig_Pyramid_3mm.uexp" 272
"../../../Engine/Plugins/Animation/ControlRig/Content/Controls/ControlRig_Pyramid_1mm.ubulk" 273
"../../../Engine/Plugins/Animation/ControlRig/Content/Controls/ControlRig_Pyramid_1mm.uasset" 274
"../../../Engine/Plugins/Animation/ControlRig/Content/Controls/ControlRig_Pyramid_1mm.uexp" 275
"../../../Engine/Plugins/Animation/ControlRig/Content/Controls/ControlRig_Octagon_solid.ubulk" 276
"../../../Engine/Plugins/Animation/ControlRig/Content/Controls/ControlRig_Octagon_solid.uasset" 277
"../../../Engine/Plugins/Animation/ControlRig/Content/Controls/ControlRig_Octagon_solid.uexp" 278
"../../../Engine/Plugins/Animation/ControlRig/Content/Controls/ControlRig_Octagon_3mm.ubulk" 279
"../../../Engine/Plugins/Animation/ControlRig/Content/Controls/ControlRig_Octagon_3mm.uasset" 280
"../../../Engine/Plugins/Animation/ControlRig/Content/Controls/ControlRig_Octagon_3mm.uexp" 281
"../../../Engine/Plugins/Animation/ControlRig/Content/Controls/ControlRig_Octagon_1mm.ubulk" 282
"../../../Engine/Plugins/Animation/ControlRig/Content/Controls/ControlRig_Octagon_1mm.uasset" 283
"../../../Engine/Plugins/Animation/ControlRig/Content/Controls/ControlRig_Octagon_1mm.uexp" 284
"../../../Engine/Plugins/Animation/ControlRig/Content/Controls/ControlRig_Hexagon_solid.ubulk" 285
"../../../Engine/Plugins/Animation/ControlRig/Content/Controls/ControlRig_Hexagon_solid.uasset" 286
"../../../Engine/Plugins/Animation/ControlRig/Content/Controls/ControlRig_Hexagon_solid.uexp" 287
"../../../Engine/Plugins/Animation/ControlRig/Content/Controls/ControlRig_Hexagon_3mm.ubulk" 288
"../../../Engine/Plugins/Animation/ControlRig/Content/Controls/ControlRig_Hexagon_3mm.uasset" 289
"../../../Engine/Plugins/Animation/ControlRig/Content/Controls/ControlRig_Hexagon_3mm.uexp" 290
"C:/SlyStudios/CircleGameTemplate/CircleGame/Content/Sounds/GameSoundMix.uasset" 291
"C:/SlyStudios/CircleGameTemplate/CircleGame/Content/Sounds/GameSoundMix.uexp" 292
"C:/SlyStudios/CircleGameTemplate/CircleGame/Content/Blueprints/CenterSpinner.uasset" 293
"C:/SlyStudios/CircleGameTemplate/CircleGame/Content/Blueprints/CenterSpinner.uexp" 294
"C:/SlyStudios/CircleGameTemplate/CircleGame/Content/Blueprints/ItemTypes.uasset" 295
"C:/SlyStudios/CircleGameTemplate/CircleGame/Content/Blueprints/ItemTypes.uexp" 296
"C:/SlyStudios/CircleGameTemplate/CircleGame/Content/Blueprints/Item_Abstract.uasset" 297
"C:/SlyStudios/CircleGameTemplate/CircleGame/Content/Blueprints/Item_Abstract.uexp" 298
"../../../Engine/Content/BasicShapes/Plane.ubulk" 299
"../../../Engine/Content/BasicShapes/Plane.uasset" 300
"../../../Engine/Content/BasicShapes/Plane.uexp" 301
"C:/SlyStudios/CircleGameTemplate/CircleGame/Content/AAATextures_CircleGame/Colors/PlayerBallColor.uasset" 302
"C:/SlyStudios/CircleGameTemplate/CircleGame/Content/AAATextures_CircleGame/Colors/PlayerBallColor.uexp" 303
"C:/SlyStudios/CircleGameTemplate/CircleGame/Content/AAATextures_CircleGame/Colors/PlayerBallColor2.uasset" 304
"C:/SlyStudios/CircleGameTemplate/CircleGame/Content/AAATextures_CircleGame/Colors/PlayerBallColor2.uexp" 305
"C:/SlyStudios/CircleGameTemplate/CircleGame/Content/AAATextures_CircleGame/Colors/PlayerBallColor_Black.uasset" 306
"C:/SlyStudios/CircleGameTemplate/CircleGame/Content/AAATextures_CircleGame/Colors/PlayerBallColor_Black.uexp" 307
"C:/SlyStudios/CircleGameTemplate/CircleGame/Content/AABModels_CircleGame/PlayerBall3DModel.ubulk" 308
"C:/SlyStudios/CircleGameTemplate/CircleGame/Content/AABModels_CircleGame/PlayerBall3DModel.uasset" 309
"C:/SlyStudios/CircleGameTemplate/CircleGame/Content/AABModels_CircleGame/PlayerBall3DModel.uexp" 310
"C:/SlyStudios/CircleGameTemplate/CircleGame/Content/Blueprints/CameraShakes/CamShake_small_bounce.uasset" 311
"C:/SlyStudios/CircleGameTemplate/CircleGame/Content/Blueprints/CameraShakes/CamShake_small_bounce.uexp" 312
"C:/SlyStudios/CircleGameTemplate/CircleGame/Content/Sounds/SFX/impact/ball_hit2.ubulk" 313
"C:/SlyStudios/CircleGameTemplate/CircleGame/Content/Sounds/SFX/impact/ball_hit2.uasset" 314
"C:/SlyStudios/CircleGameTemplate/CircleGame/Content/Sounds/SFX/impact/ball_hit2.uexp" 315
"C:/SlyStudios/CircleGameTemplate/CircleGame/Content/Sounds/SFX/impact/ball_hit1_Cue.uasset" 316
"C:/SlyStudios/CircleGameTemplate/CircleGame/Content/Sounds/SFX/impact/ball_hit1_Cue.uexp" 317
"../../../Engine/Content/EditorBlueprintResources/StandardMacros.uasset" 318
"../../../Engine/Content/EditorBlueprintResources/StandardMacros.uexp" 319
"C:/SlyStudios/CircleGameTemplate/CircleGame/Content/Blueprints/PlayerBall.uasset" 320
"C:/SlyStudios/CircleGameTemplate/CircleGame/Content/Blueprints/PlayerBall.uexp" 321
"C:/SlyStudios/CircleGameTemplate/CircleGame/Content/AAATextures_CircleGame/Colors/RingBarrierColor.uasset" 322
"C:/SlyStudios/CircleGameTemplate/CircleGame/Content/AAATextures_CircleGame/Colors/RingBarrierColor.uexp" 323
"C:/SlyStudios/CircleGameTemplate/CircleGame/Content/AABModels_CircleGame/RingLimitsWall.ubulk" 324
"C:/SlyStudios/CircleGameTemplate/CircleGame/Content/AABModels_CircleGame/RingLimitsWall.uasset" 325
"C:/SlyStudios/CircleGameTemplate/CircleGame/Content/AABModels_CircleGame/RingLimitsWall.uexp" 326
"C:/SlyStudios/CircleGameTemplate/CircleGame/Content/AABModels_CircleGame/PlayerBoostIndicator.ubulk" 327
"C:/SlyStudios/CircleGameTemplate/CircleGame/Content/AABModels_CircleGame/PlayerBoostIndicator.uasset" 328
"C:/SlyStudios/CircleGameTemplate/CircleGame/Content/AABModels_CircleGame/PlayerBoostIndicator.uexp" 329
"C:/SlyStudios/CircleGameTemplate/CircleGame/Content/Blueprints/3DIndicator.uasset" 330
"C:/SlyStudios/CircleGameTemplate/CircleGame/Content/Blueprints/3DIndicator.uexp" 331
"C:/SlyStudios/CircleGameTemplate/CircleGame/Content/AABModels_CircleGame/PlayerHeart.ubulk" 332
"C:/SlyStudios/CircleGameTemplate/CircleGame/Content/AABModels_CircleGame/PlayerHeart.uasset" 333
"C:/SlyStudios/CircleGameTemplate/CircleGame/Content/AABModels_CircleGame/PlayerHeart.uexp" 334
"C:/SlyStudios/CircleGameTemplate/CircleGame/Content/Blueprints/3DIndicator_Heart.uasset" 335
"C:/SlyStudios/CircleGameTemplate/CircleGame/Content/Blueprints/3DIndicator_Heart.uexp" 336
"C:/SlyStudios/CircleGameTemplate/CircleGame/Content/AABModels_CircleGame/Player3DBar.ubulk" 337
"C:/SlyStudios/CircleGameTemplate/CircleGame/Content/AABModels_CircleGame/Player3DBar.uasset" 338
"C:/SlyStudios/CircleGameTemplate/CircleGame/Content/AABModels_CircleGame/Player3DBar.uexp" 339
"C:/SlyStudios/CircleGameTemplate/CircleGame/Content/Sounds/Music/Music_Arches.ubulk" 340
"C:/SlyStudios/CircleGameTemplate/CircleGame/Content/Sounds/Music/Music_Arches.uasset" 341
"C:/SlyStudios/CircleGameTemplate/CircleGame/Content/Sounds/Music/Music_Arches.uexp" 342
"C:/SlyStudios/CircleGameTemplate/CircleGame/Content/Sounds/GameSFX.uasset" 343
"C:/SlyStudios/CircleGameTemplate/CircleGame/Content/Sounds/GameSFX.uexp" 344
"C:/SlyStudios/CircleGameTemplate/CircleGame/Content/Sounds/GameSoundMaster.uasset" 345
"C:/SlyStudios/CircleGameTemplate/CircleGame/Content/Sounds/GameSoundMaster.uexp" 346
"C:/SlyStudios/CircleGameTemplate/CircleGame/Content/Sounds/GameMusic.uasset" 347
"C:/SlyStudios/CircleGameTemplate/CircleGame/Content/Sounds/GameMusic.uexp" 348
"C:/SlyStudios/CircleGameTemplate/CircleGame/Content/Sounds/Music/Music_Arches_Cue.uasset" 349
"C:/SlyStudios/CircleGameTemplate/CircleGame/Content/Sounds/Music/Music_Arches_Cue.uexp" 350
"C:/SlyStudios/CircleGameTemplate/CircleGame/Content/Blueprints/MacroLibraries/MacroLibrary.uasset" 351
"C:/SlyStudios/CircleGameTemplate/CircleGame/Content/Blueprints/MacroLibraries/MacroLibrary.uexp" 352
"C:/SlyStudios/CircleGameTemplate/CircleGame/Content/AABModels_CircleGame/RingCenterSpot.ubulk" 353
"C:/SlyStudios/CircleGameTemplate/CircleGame/Content/AABModels_CircleGame/RingCenterSpot.uasset" 354
"C:/SlyStudios/CircleGameTemplate/CircleGame/Content/AABModels_CircleGame/RingCenterSpot.uexp" 355
"../../../Engine/Content/BasicShapes/Cube.ubulk" 356
"../../../Engine/Content/BasicShapes/Cube.uasset" 357
"../../../Engine/Content/BasicShapes/Cube.uexp" 358
"C:/SlyStudios/CircleGameTemplate/CircleGame/Content/AAATextures_CircleGame/Colors/EnemyColorOrange.uasset" 359
"C:/SlyStudios/CircleGameTemplate/CircleGame/Content/AAATextures_CircleGame/Colors/EnemyColorOrange.uexp" 360
"C:/SlyStudios/CircleGameTemplate/CircleGame/Content/AAATextures_CircleGame/Colors/EnemyColorYellow.uasset" 361
"C:/SlyStudios/CircleGameTemplate/CircleGame/Content/AAATextures_CircleGame/Colors/EnemyColorYellow.uexp" 362
"C:/SlyStudios/CircleGameTemplate/CircleGame/Content/Blueprints/CameraShakes/CamShake_EnemyKIlled.uasset" 363
"C:/SlyStudios/CircleGameTemplate/CircleGame/Content/Blueprints/CameraShakes/CamShake_EnemyKIlled.uexp" 364
"C:/SlyStudios/CircleGameTemplate/CircleGame/Content/AABModels_CircleGame/Effects/Shreds/Shred1.ubulk" 365
"C:/SlyStudios/CircleGameTemplate/CircleGame/Content/AABModels_CircleGame/Effects/Shreds/Shred1.uasset" 366
"C:/SlyStudios/CircleGameTemplate/CircleGame/Content/AABModels_CircleGame/Effects/Shreds/Shred1.uexp" 367
"C:/SlyStudios/CircleGameTemplate/CircleGame/Content/AAATextures_CircleGame/Colors/ShredColor_2sided.uasset" 368
"C:/SlyStudios/CircleGameTemplate/CircleGame/Content/AAATextures_CircleGame/Colors/ShredColor_2sided.uexp" 369
"C:/SlyStudios/CircleGameTemplate/CircleGame/Content/AAATextures_CircleGame/Effects/ShredParticle.uasset" 370
"C:/SlyStudios/CircleGameTemplate/CircleGame/Content/AAATextures_CircleGame/Effects/ShredParticle.uexp" 371
"C:/SlyStudios/CircleGameTemplate/CircleGame/Content/AAATextures_CircleGame/Colors/EnemyColorRed.uasset" 372
"C:/SlyStudios/CircleGameTemplate/CircleGame/Content/AAATextures_CircleGame/Colors/EnemyColorRed.uexp" 373
"C:/SlyStudios/CircleGameTemplate/CircleGame/Content/AABModels_CircleGame/Effects/Puff_Single.ubulk" 374
"C:/SlyStudios/CircleGameTemplate/CircleGame/Content/AABModels_CircleGame/Effects/Puff_Single.uasset" 375
"C:/SlyStudios/CircleGameTemplate/CircleGame/Content/AABModels_CircleGame/Effects/Puff_Single.uexp" 376
"C:/SlyStudios/CircleGameTemplate/CircleGame/Content/AAATextures_CircleGame/Effects/ExplosionSimple.uasset" 377
"C:/SlyStudios/CircleGameTemplate/CircleGame/Content/AAATextures_CircleGame/Effects/ExplosionSimple.uexp" 378
"C:/SlyStudios/CircleGameTemplate/CircleGame/Content/AAATextures_CircleGame/Colors/EnemyColorPurple.uasset" 379
"C:/SlyStudios/CircleGameTemplate/CircleGame/Content/AAATextures_CircleGame/Colors/EnemyColorPurple.uexp" 380
"C:/SlyStudios/CircleGameTemplate/CircleGame/Content/Blueprints/Enemy_AAA_Basic.uasset" 381
"C:/SlyStudios/CircleGameTemplate/CircleGame/Content/Blueprints/Enemy_AAA_Basic.uexp" 382
"C:/SlyStudios/CircleGameTemplate/CircleGame/Content/Blueprints/Item_Split.uasset" 383
"C:/SlyStudios/CircleGameTemplate/CircleGame/Content/Blueprints/Item_Split.uexp" 384
"C:/SlyStudios/CircleGameTemplate/CircleGame/Content/Blueprints/ItemAttached_Abstract.uasset" 385
"C:/SlyStudios/CircleGameTemplate/CircleGame/Content/Blueprints/ItemAttached_Abstract.uexp" 386
"C:/SlyStudios/CircleGameTemplate/CircleGame/Content/Blueprints/ItemAttached_Split.uasset" 387
"C:/SlyStudios/CircleGameTemplate/CircleGame/Content/Blueprints/ItemAttached_Split.uexp" 388
"C:/SlyStudios/CircleGameTemplate/CircleGame/Content/AAATextures_CircleGame/Colors/BasicColors/AAA_BasicColor.uasset" 389
"C:/SlyStudios/CircleGameTemplate/CircleGame/Content/AAATextures_CircleGame/Colors/BasicColors/AAA_BasicColor.uexp" 390
"C:/SlyStudios/CircleGameTemplate/CircleGame/Content/AAATextures_CircleGame/Colors/BasicColors/Basic_lightGrey.uasset" 391
"C:/SlyStudios/CircleGameTemplate/CircleGame/Content/AAATextures_CircleGame/Colors/BasicColors/Basic_lightGrey.uexp" 392
"C:/SlyStudios/CircleGameTemplate/CircleGame/Content/AABModels_CircleGame/Obstacles/L3_breakable2.ubulk" 393
"C:/SlyStudios/CircleGameTemplate/CircleGame/Content/AABModels_CircleGame/Obstacles/L3_breakable2.uasset" 394
"C:/SlyStudios/CircleGameTemplate/CircleGame/Content/AABModels_CircleGame/Obstacles/L3_breakable2.uexp" 395
"C:/SlyStudios/CircleGameTemplate/CircleGame/Content/AAATextures_CircleGame/Colors/BasicColors/Basic_white.uasset" 396
"C:/SlyStudios/CircleGameTemplate/CircleGame/Content/AAATextures_CircleGame/Colors/BasicColors/Basic_white.uexp" 397
"C:/SlyStudios/CircleGameTemplate/CircleGame/Content/AABModels_CircleGame/Obstacles/L3_breakable1.ubulk" 398
"C:/SlyStudios/CircleGameTemplate/CircleGame/Content/AABModels_CircleGame/Obstacles/L3_breakable1.uasset" 399
"C:/SlyStudios/CircleGameTemplate/CircleGame/Content/AABModels_CircleGame/Obstacles/L3_breakable1.uexp" 400
"C:/SlyStudios/CircleGameTemplate/CircleGame/Content/AAATextures_CircleGame/Colors/BasicColors/Basic_darkGrey.uasset" 401
"C:/SlyStudios/CircleGameTemplate/CircleGame/Content/AAATextures_CircleGame/Colors/BasicColors/Basic_darkGrey.uexp" 402
"C:/SlyStudios/CircleGameTemplate/CircleGame/Content/AAATextures_CircleGame/Colors/BasicColors/Basic_grey.uasset" 403
"C:/SlyStudios/CircleGameTemplate/CircleGame/Content/AAATextures_CircleGame/Colors/BasicColors/Basic_grey.uexp" 404
"C:/SlyStudios/CircleGameTemplate/CircleGame/Content/Blueprints/Powerups/PowerupRange.uasset" 405
"C:/SlyStudios/CircleGameTemplate/CircleGame/Content/Blueprints/Powerups/PowerupRange.uexp" 406
"C:/SlyStudios/CircleGameTemplate/CircleGame/Content/Blueprints/Powerups/Powerup_RestoreBlocks.uasset" 407
"C:/SlyStudios/CircleGameTemplate/CircleGame/Content/Blueprints/Powerups/Powerup_RestoreBlocks.uexp" 408
"C:/SlyStudios/CircleGameTemplate/CircleGame/Content/Blueprints/BreakleBlock.uasset" 409
"C:/SlyStudios/CircleGameTemplate/CircleGame/Content/Blueprints/BreakleBlock.uexp" 410
"C:/SlyStudios/CircleGameTemplate/CircleGame/Content/Blueprints/BreakleBlock_Inner.uasset" 411
"C:/SlyStudios/CircleGameTemplate/CircleGame/Content/Blueprints/BreakleBlock_Inner.uexp" 412
"C:/SlyStudios/CircleGameTemplate/CircleGame/Content/AAATextures_CircleGame/Colors/Player3DBarTexture1.uasset" 413
"C:/SlyStudios/CircleGameTemplate/CircleGame/Content/AAATextures_CircleGame/Colors/Player3DBarTexture1.uexp" 414
"../../../Engine/Content/Functions/Engine_MaterialFunctions02/Utility/MakeFloat2.uasset" 415
"../../../Engine/Content/Functions/Engine_MaterialFunctions02/Utility/MakeFloat2.uexp" 416
"../../../Engine/Content/Functions/Engine_MaterialFunctions03/Math/RemapValueRange.uasset" 417
"../../../Engine/Content/Functions/Engine_MaterialFunctions03/Math/RemapValueRange.uexp" 418
"C:/SlyStudios/CircleGameTemplate/CircleGame/Content/AAATextures_CircleGame/Colors/PlayerBar3DMat.uasset" 419
"C:/SlyStudios/CircleGameTemplate/CircleGame/Content/AAATextures_CircleGame/Colors/PlayerBar3DMat.uexp" 420
"../../../Engine/Content/BasicShapes/BasicShapeMaterial.uasset" 421
"../../../Engine/Content/BasicShapes/BasicShapeMaterial.uexp" 422
"C:/SlyStudios/CircleGameTemplate/CircleGame/Content/Blueprints/GameManager.uasset" 423
"C:/SlyStudios/CircleGameTemplate/CircleGame/Content/Blueprints/GameManager.uexp" 424
"C:/SlyStudios/CircleGameTemplate/CircleGame/Content/Blueprints/CircleGamePlayerController.uasset" 425
"C:/SlyStudios/CircleGameTemplate/CircleGame/Content/Blueprints/CircleGamePlayerController.uexp" 426
"C:/SlyStudios/CircleGameTemplate/CircleGame/Content/Blueprints/MacroLibraries/ActorMacros.uasset" 427
"C:/SlyStudios/CircleGameTemplate/CircleGame/Content/Blueprints/MacroLibraries/ActorMacros.uexp" 428
"C:/SlyStudios/CircleGameTemplate/CircleGame/Content/AABModels_CircleGame/RingBounce_Quarter_wacky.ubulk" 429
"C:/SlyStudios/CircleGameTemplate/CircleGame/Content/AABModels_CircleGame/RingBounce_Quarter_wacky.uasset" 430
"C:/SlyStudios/CircleGameTemplate/CircleGame/Content/AABModels_CircleGame/RingBounce_Quarter_wacky.uexp" 431
"C:/SlyStudios/CircleGameTemplate/CircleGame/Content/AABModels_CircleGame/RingBounce_Quarter.ubulk" 432
"C:/SlyStudios/CircleGameTemplate/CircleGame/Content/AABModels_CircleGame/RingBounce_Quarter.uasset" 433
"C:/SlyStudios/CircleGameTemplate/CircleGame/Content/AABModels_CircleGame/RingBounce_Quarter.uexp" 434
"C:/SlyStudios/CircleGameTemplate/CircleGame/Content/AAATextures_CircleGame/Colors/Unshaded1.uasset" 435
"C:/SlyStudios/CircleGameTemplate/CircleGame/Content/AAATextures_CircleGame/Colors/Unshaded1.uexp" 436
"C:/SlyStudios/CircleGameTemplate/CircleGame/Content/AAATextures_CircleGame/Colors/BG_Hex_Color.uasset" 437
"C:/SlyStudios/CircleGameTemplate/CircleGame/Content/AAATextures_CircleGame/Colors/BG_Hex_Color.uexp" 438
"C:/SlyStudios/CircleGameTemplate/CircleGame/Content/AABModels_CircleGame/BG_Hex.ubulk" 439
"C:/SlyStudios/CircleGameTemplate/CircleGame/Content/AABModels_CircleGame/BG_Hex.uasset" 440
"C:/SlyStudios/CircleGameTemplate/CircleGame/Content/AABModels_CircleGame/BG_Hex.uexp" 441
"../../../Engine/Plugins/Runtime/MeshModelingToolset/Content/Materials/M_DynamicMeshComponentVtxColor.uasset" 442
"../../../Engine/Plugins/Runtime/MeshModelingToolset/Content/Materials/M_DynamicMeshComponentVtxColor.uexp" 443
"../../../Engine/Plugins/Interchange/Runtime/Content/Pipelines/DefaultTexturePipeline.uasset" 444
"../../../Engine/Plugins/Interchange/Runtime/Content/Pipelines/DefaultTexturePipeline.uexp" 445
"../../../Engine/Plugins/Interchange/Runtime/Content/Pipelines/DefaultSceneLevelPipeline.uasset" 446
"../../../Engine/Plugins/Interchange/Runtime/Content/Pipelines/DefaultSceneLevelPipeline.uexp" 447
"../../../Engine/Plugins/Interchange/Runtime/Content/Pipelines/DefaultSceneAssetsPipeline.uasset" 448
"../../../Engine/Plugins/Interchange/Runtime/Content/Pipelines/DefaultSceneAssetsPipeline.uexp" 449
"../../../Engine/Plugins/Interchange/Runtime/Content/Pipelines/DefaultMaterialPipeline.uasset" 450
"../../../Engine/Plugins/Interchange/Runtime/Content/Pipelines/DefaultMaterialPipeline.uexp" 451
"../../../Engine/Plugins/Interchange/Runtime/Content/Pipelines/DefaultAssetsPipeline.uasset" 452
"../../../Engine/Plugins/Interchange/Runtime/Content/Pipelines/DefaultAssetsPipeline.uexp" 453
"../../../Engine/Plugins/Animation/ControlRig/Content/Controls/ControlRig_Hexagon_1mm.ubulk" 454
"../../../Engine/Plugins/Animation/ControlRig/Content/Controls/ControlRig_Hexagon_1mm.uasset" 455
"../../../Engine/Plugins/Animation/ControlRig/Content/Controls/ControlRig_Hexagon_1mm.uexp" 456
"../../../Engine/Plugins/Animation/ControlRig/Content/Controls/ControlRig_HalfCircle_solid.ubulk" 457
"../../../Engine/Plugins/Animation/ControlRig/Content/Controls/ControlRig_HalfCircle_solid.uasset" 458
"../../../Engine/Plugins/Animation/ControlRig/Content/Controls/ControlRig_HalfCircle_solid.uexp" 459
"../../../Engine/Plugins/Animation/ControlRig/Content/Controls/ControlRig_HalfCircle_3mm.ubulk" 460
"../../../Engine/Plugins/Animation/ControlRig/Content/Controls/ControlRig_HalfCircle_3mm.uasset" 461
"../../../Engine/Plugins/Animation/ControlRig/Content/Controls/ControlRig_HalfCircle_3mm.uexp" 462
"../../../Engine/Plugins/Animation/ControlRig/Content/Controls/ControlRig_HalfCircle_1mm.ubulk" 463
"../../../Engine/Plugins/Animation/ControlRig/Content/Controls/ControlRig_HalfCircle_1mm.uasset" 464
"../../../Engine/Plugins/Animation/ControlRig/Content/Controls/ControlRig_HalfCircle_1mm.uexp" 465
"../../../Engine/Plugins/Animation/ControlRig/Content/Controls/ControlRig_Diamond_solid.ubulk" 466
"../../../Engine/Plugins/Animation/ControlRig/Content/Controls/ControlRig_Diamond_solid.uasset" 467
"../../../Engine/Plugins/Animation/ControlRig/Content/Controls/ControlRig_Diamond_solid.uexp" 468
"../../../Engine/Plugins/Animation/ControlRig/Content/Controls/ControlRig_Diamond_3mm.ubulk" 469
"../../../Engine/Plugins/Animation/ControlRig/Content/Controls/ControlRig_Diamond_3mm.uasset" 470
"../../../Engine/Plugins/Animation/ControlRig/Content/Controls/ControlRig_Diamond_3mm.uexp" 471
"../../../Engine/Plugins/Animation/ControlRig/Content/Controls/ControlRig_Diamond_1mm.ubulk" 472
"../../../Engine/Plugins/Animation/ControlRig/Content/Controls/ControlRig_Diamond_1mm.uasset" 473
"../../../Engine/Plugins/Animation/ControlRig/Content/Controls/ControlRig_Diamond_1mm.uexp" 474
"../../../Engine/Plugins/Animation/ControlRig/Content/Controls/ControlRig_Circle_solid.ubulk" 475
"../../../Engine/Plugins/Animation/ControlRig/Content/Controls/ControlRig_Circle_solid.uasset" 476
"../../../Engine/Plugins/Animation/ControlRig/Content/Controls/ControlRig_Circle_solid.uexp" 477
"../../../Engine/Plugins/Animation/ControlRig/Content/Controls/ControlRig_Circle_3mm.ubulk" 478
"../../../Engine/Plugins/Animation/ControlRig/Content/Controls/ControlRig_Circle_3mm.uasset" 479
"../../../Engine/Plugins/Animation/ControlRig/Content/Controls/ControlRig_Circle_3mm.uexp" 480
"../../../Engine/Plugins/Animation/ControlRig/Content/Controls/ControlRig_Circle_1mm.ubulk" 481
"../../../Engine/Plugins/Animation/ControlRig/Content/Controls/ControlRig_Circle_1mm.uasset" 482
"../../../Engine/Plugins/Animation/ControlRig/Content/Controls/ControlRig_Circle_1mm.uexp" 483
"../../../Engine/Plugins/Animation/ControlRig/Content/Controls/ControlRig_Box_solid.ubulk" 484
"../../../Engine/Plugins/Animation/ControlRig/Content/Controls/ControlRig_Box_solid.uasset" 485
"../../../Engine/Plugins/Animation/ControlRig/Content/Controls/ControlRig_Box_solid.uexp" 486
"../../../Engine/Plugins/Animation/ControlRig/Content/Controls/ControlRig_Box_3mm.ubulk" 487
"../../../Engine/Plugins/Animation/ControlRig/Content/Controls/ControlRig_Box_3mm.uasset" 488
"../../../Engine/Plugins/Animation/ControlRig/Content/Controls/ControlRig_Box_3mm.uexp" 489
"../../../Engine/Plugins/Animation/ControlRig/Content/Controls/ControlRig_Box_1mm.ubulk" 490
"../../../Engine/Plugins/Animation/ControlRig/Content/Controls/ControlRig_Box_1mm.uasset" 491
"../../../Engine/Plugins/Animation/ControlRig/Content/Controls/ControlRig_Box_1mm.uexp" 492
"../../../Engine/Plugins/Animation/ControlRig/Content/Controls/ControlRig_Arrow_solid.ubulk" 493
"../../../Engine/Plugins/Animation/ControlRig/Content/Controls/ControlRig_Arrow_solid.uasset" 494
"../../../Engine/Plugins/Animation/ControlRig/Content/Controls/ControlRig_Arrow_solid.uexp" 495
"../../../Engine/Plugins/Animation/ControlRig/Content/Controls/ControlRig_Arrow_3mm.ubulk" 496
"../../../Engine/Plugins/Animation/ControlRig/Content/Controls/ControlRig_Arrow_3mm.uasset" 497
"../../../Engine/Plugins/Animation/ControlRig/Content/Controls/ControlRig_Arrow_3mm.uexp" 498
"../../../Engine/Plugins/Animation/ControlRig/Content/Controls/ControlRig_Arrow_1mm.ubulk" 499
"../../../Engine/Plugins/Animation/ControlRig/Content/Controls/ControlRig_Arrow_1mm.uasset" 500
"../../../Engine/Plugins/Animation/ControlRig/Content/Controls/ControlRig_Arrow_1mm.uexp" 501
"../../../Engine/Plugins/Animation/ControlRig/Content/Controls/ControlRig_Arrow4_solid.ubulk" 502
"../../../Engine/Plugins/Animation/ControlRig/Content/Controls/ControlRig_Arrow4_solid.uasset" 503
"../../../Engine/Plugins/Animation/ControlRig/Content/Controls/ControlRig_Arrow4_solid.uexp" 504
"../../../Engine/Plugins/Animation/ControlRig/Content/Controls/ControlRig_Arrow4_3mm.ubulk" 505
"../../../Engine/Plugins/Animation/ControlRig/Content/Controls/ControlRig_Arrow4_3mm.uasset" 506
"../../../Engine/Plugins/Animation/ControlRig/Content/Controls/ControlRig_Arrow4_3mm.uexp" 507
"../../../Engine/Plugins/Animation/ControlRig/Content/Controls/ControlRig_Arrow4_1mm.ubulk" 508
"../../../Engine/Plugins/Animation/ControlRig/Content/Controls/ControlRig_Arrow4_1mm.uasset" 509
"../../../Engine/Plugins/Animation/ControlRig/Content/Controls/ControlRig_Arrow4_1mm.uexp" 510
"../../../Engine/Plugins/Animation/ControlRig/Content/Controls/ControlRig_Arrow2_solid.ubulk" 511
"../../../Engine/Plugins/Animation/ControlRig/Content/Controls/ControlRig_Arrow2_solid.uasset" 512
"../../../Engine/Plugins/Animation/ControlRig/Content/Controls/ControlRig_Arrow2_solid.uexp" 513
"../../../Engine/Plugins/Animation/ControlRig/Content/Controls/ControlRig_Arrow2_3mm.ubulk" 514
"../../../Engine/Plugins/Animation/ControlRig/Content/Controls/ControlRig_Arrow2_3mm.uasset" 515
"../../../Engine/Plugins/Animation/ControlRig/Content/Controls/ControlRig_Arrow2_3mm.uexp" 516
"../../../Engine/Plugins/Animation/ControlRig/Content/Controls/ControlRig_Arrow2_1mm.ubulk" 517
"../../../Engine/Plugins/Animation/ControlRig/Content/Controls/ControlRig_Arrow2_1mm.uasset" 518
"../../../Engine/Plugins/Animation/ControlRig/Content/Controls/ControlRig_Arrow2_1mm.uexp" 519
"../../../Engine/Plugins/Animation/ControlRig/Content/Controls/ControlRigXRayMaterial.uasset" 520
"../../../Engine/Plugins/Animation/ControlRig/Content/Controls/ControlRigXRayMaterial.uexp" 521
"../../../Engine/Plugins/Animation/ControlRig/Content/Controls/ControlRigGizmoMaterial.uasset" 522
"../../../Engine/Plugins/Animation/ControlRig/Content/Controls/ControlRigGizmoMaterial.uexp" 523
"../../../Engine/Content/EngineResources/WhiteSquareTexture.uasset" 524
"../../../Engine/Content/EngineResources/WhiteSquareTexture.uexp" 525
"../../../Engine/Content/EngineMaterials/Widget3DPassThrough.uasset" 526
"../../../Engine/Content/EngineMaterials/Widget3DPassThrough.uexp" 527
"../../../Engine/Content/EngineMaterials/Widget3DPassThrough_Translucent.uasset" 528
"../../../Engine/Content/EngineMaterials/Widget3DPassThrough_Translucent.uexp" 529
"../../../Engine/Content/EngineMaterials/Widget3DPassThrough_Translucent_OneSided.uasset" 530
"../../../Engine/Content/EngineMaterials/Widget3DPassThrough_Translucent_OneSided.uexp" 531
"../../../Engine/Content/EngineMaterials/Widget3DPassThrough_Opaque.uasset" 532
"../../../Engine/Content/EngineMaterials/Widget3DPassThrough_Opaque.uexp" 533
"../../../Engine/Content/EngineMaterials/Widget3DPassThrough_Opaque_OneSided.uasset" 534
"../../../Engine/Content/EngineMaterials/Widget3DPassThrough_Opaque_OneSided.uexp" 535
"../../../Engine/Content/EngineMaterials/Widget3DPassThrough_Masked_OneSided.uasset" 536
"../../../Engine/Content/EngineMaterials/Widget3DPassThrough_Masked_OneSided.uexp" 537
"../../../Engine/Content/EngineMaterials/Widget3DPassThrough_Masked.uasset" 538
"../../../Engine/Content/EngineMaterials/Widget3DPassThrough_Masked.uexp" 539
"../../../Engine/Content/EngineMaterials/STBlueNoise_vec2_128x128x64.uasset" 540
"../../../Engine/Content/EngineMaterials/STBlueNoise_vec2_128x128x64.uexp" 541
"../../../Engine/Content/EngineMaterials/STBlueNoise_scalar_128x128x64.uasset" 542
"../../../Engine/Content/EngineMaterials/STBlueNoise_scalar_128x128x64.uexp" 543
"../../../Engine/Content/EngineMaterials/RemoveSurfaceMaterial.uasset" 544
"../../../Engine/Content/EngineMaterials/RemoveSurfaceMaterial.uexp" 545
"../../../Engine/Content/EngineMaterials/DefaultCalibrationGrayscale.uasset" 546
"../../../Engine/Content/EngineMaterials/DefaultCalibrationGrayscale.uexp" 547
"../../../Engine/Content/EngineMaterials/PPM_DefaultCalibrationGrayscale.uasset" 548
"../../../Engine/Content/EngineMaterials/PPM_DefaultCalibrationGrayscale.uexp" 549
"../../../Engine/Content/EngineMaterials/DefaultCalibrationColor.uasset" 550
"../../../Engine/Content/EngineMaterials/DefaultCalibrationColor.uexp" 551
"../../../Engine/Content/EngineMaterials/PPM_DefaultCalibrationColor.uasset" 552
"../../../Engine/Content/EngineMaterials/PPM_DefaultCalibrationColor.uexp" 553
"../../../Engine/Content/EngineMaterials/PhAT_JointLimitMaterial.uasset" 554
"../../../Engine/Content/EngineMaterials/PhAT_JointLimitMaterial.uexp" 555
"../../../Engine/Content/EngineMaterials/NaniteHiddenSectionMaterial.uasset" 556
"../../../Engine/Content/EngineMaterials/NaniteHiddenSectionMaterial.uexp" 557
"../../../Engine/Content/EngineMaterials/InvalidLightmapSettings.ubulk" 558
"../../../Engine/Content/EngineMaterials/InvalidLightmapSettings.uasset" 559
"../../../Engine/Content/EngineMaterials/InvalidLightmapSettings.uexp" 560
"../../../Engine/Content/EngineMaterials/M_InvalidLightmapSettings.uasset" 561
"../../../Engine/Content/EngineMaterials/M_InvalidLightmapSettings.uexp" 562
"../../../Engine/Content/EngineMaterials/GizmoMaterial.uasset" 563
"../../../Engine/Content/EngineMaterials/GizmoMaterial.uexp" 564
"../../../Engine/Content/EngineMaterials/BaseFlattenEmissiveMap_VT.uasset" 565
"../../../Engine/Content/EngineMaterials/BaseFlattenEmissiveMap_VT.uexp" 566
"../../../Engine/Content/EngineMaterials/BaseFlattenGrayscaleMap_VT.uasset" 567
"../../../Engine/Content/EngineMaterials/BaseFlattenGrayscaleMap_VT.uexp" 568
"../../../Engine/Content/EngineMaterials/BaseFlattenLinearColor_VT.uasset" 569
"../../../Engine/Content/EngineMaterials/BaseFlattenLinearColor_VT.uexp" 570
"../../../Engine/Content/EngineMaterials/Black_1x1_EXR_Texture_VT.uasset" 571
"../../../Engine/Content/EngineMaterials/Black_1x1_EXR_Texture_VT.uexp" 572
"../../../Engine/Content/EngineMaterials/BaseFlattenDiffuseMap_VT.uasset" 573
"../../../Engine/Content/EngineMaterials/BaseFlattenDiffuseMap_VT.uexp" 574
"../../../Engine/Content/EngineMaterials/BaseFlattenNormalMap_VT.uasset" 575
"../../../Engine/Content/EngineMaterials/BaseFlattenNormalMap_VT.uexp" 576
"../../../Engine/Content/EngineMaterials/FlattenMaterial_WS_Normal_VT.uasset" 577
"../../../Engine/Content/EngineMaterials/FlattenMaterial_WS_Normal_VT.uexp" 578
"../../../Engine/Content/EngineMaterials/FlattenMaterial_VT.uasset" 579
"../../../Engine/Content/EngineMaterials/FlattenMaterial_VT.uexp" 580
"../../../Engine/Content/EngineMaterials/BaseFlattenNormalMap.uasset" 581
"../../../Engine/Content/EngineMaterials/BaseFlattenNormalMap.uexp" 582
"../../../Engine/Content/EngineMaterials/BaseFlattenGrayscaleMap.uasset" 583
"../../../Engine/Content/EngineMaterials/BaseFlattenGrayscaleMap.uexp" 584
"../../../Engine/Content/EngineMaterials/BaseFlattenDiffuseMap.uasset" 585
"../../../Engine/Content/EngineMaterials/BaseFlattenDiffuseMap.uexp" 586
"../../../Engine/Content/Functions/Engine_MaterialFunctions02/PivotPainter2/Black_1x1_EXR_Texture.uasset" 587
"../../../Engine/Content/Functions/Engine_MaterialFunctions02/PivotPainter2/Black_1x1_EXR_Texture.uexp" 588
"../../../Engine/Content/EngineMaterials/BaseFlattenEmissiveMap.uasset" 589
"../../../Engine/Content/EngineMaterials/BaseFlattenEmissiveMap.uexp" 590
"../../../Engine/Content/EngineMaterials/BaseFlattenLinearColor.uasset" 591
"../../../Engine/Content/EngineMaterials/BaseFlattenLinearColor.uexp" 592
"../../../Engine/Content/EngineMaterials/FlattenMaterial.uasset" 593
"../../../Engine/Content/EngineMaterials/FlattenMaterial.uexp" 594
"../../../Engine/Content/EngineMaterials/DefaultWhiteGrid_Low.uasset" 595
"../../../Engine/Content/EngineMaterials/DefaultWhiteGrid_Low.uexp" 596
"../../../Engine/Content/EngineMaterials/EmissiveMeshMaterial.uasset" 597
"../../../Engine/Content/EngineMaterials/EmissiveMeshMaterial.uexp" 598
"../../../Engine/Content/EngineFonts/RobotoDistanceField.uasset" 599
"../../../Engine/Content/EngineFonts/RobotoDistanceField.uexp" 600
"../../../Engine/Content/EngineMaterials/DefaultTextMaterialOpaque.uasset" 601
"../../../Engine/Content/EngineMaterials/DefaultTextMaterialOpaque.uexp" 602
"../../../Engine/Content/EngineMaterials/DefaultDiffuse.ubulk" 603
"../../../Engine/Content/EngineMaterials/DefaultDiffuse.uasset" 604
"../../../Engine/Content/EngineMaterials/DefaultDiffuse.uexp" 605
"../../../Engine/Content/Functions/Engine_MaterialFunctions02/Utility/BreakOutFloat2Components.uasset" 606
"../../../Engine/Content/Functions/Engine_MaterialFunctions02/Utility/BreakOutFloat2Components.uexp" 607
"../../../Engine/Content/EngineMaterials/DefaultPostProcessMaterial.uasset" 608
"../../../Engine/Content/EngineMaterials/DefaultPostProcessMaterial.uexp" 609
"../../../Engine/Content/EngineMaterials/DefaultPhysicalMaterial.uasset" 610
"../../../Engine/Content/EngineMaterials/DefaultPhysicalMaterial.uexp" 611
"../../../Engine/Content/EngineMaterials/DefaultLightFunctionMaterial.uasset" 612
"../../../Engine/Content/EngineMaterials/DefaultLightFunctionMaterial.uexp" 613
"../../../Engine/Content/EngineMaterials/DefaultDestructiblePhysicalMaterial.uasset" 614
"../../../Engine/Content/EngineMaterials/DefaultDestructiblePhysicalMaterial.uexp" 615
"../../../Engine/Content/EngineMaterials/DefaultDeferredDecalMaterial.uasset" 616
"../../../Engine/Content/EngineMaterials/DefaultDeferredDecalMaterial.uexp" 617
"../../../Engine/Content/EngineMaterials/DefaultBloomKernel.uasset" 618
"../../../Engine/Content/EngineMaterials/DefaultBloomKernel.uexp" 619
"../../../Engine/Content/EngineSky/VolumetricClouds/CloudWeatherTexture.uasset" 620
"../../../Engine/Content/EngineSky/VolumetricClouds/CloudWeatherTexture.uexp" 621
"../../../Engine/Content/EngineSky/VolumetricClouds/CloudGradientTexture.uasset" 622
"../../../Engine/Content/EngineSky/VolumetricClouds/CloudGradientTexture.uexp" 623
"../../../Engine/Content/EngineSky/VolumetricClouds/T_NoiseShape64.ubulk" 624
"../../../Engine/Content/EngineSky/VolumetricClouds/T_NoiseShape64.uasset" 625
"../../../Engine/Content/EngineSky/VolumetricClouds/T_NoiseShape64.uexp" 626
"../../../Engine/Content/EngineSky/VolumetricClouds/T_VolumeNoiseShape64.uasset" 627
"../../../Engine/Content/EngineSky/VolumetricClouds/T_VolumeNoiseShape64.uexp" 628
"../../../Engine/Content/EngineSky/VolumetricClouds/T_NoiseErosion.ubulk" 629
"../../../Engine/Content/EngineSky/VolumetricClouds/T_NoiseErosion.uasset" 630
"../../../Engine/Content/EngineSky/VolumetricClouds/T_NoiseErosion.uexp" 631
"../../../Engine/Content/EngineSky/VolumetricClouds/T_VolumeNoiseErosion32.uasset" 632
"../../../Engine/Content/EngineSky/VolumetricClouds/T_VolumeNoiseErosion32.uexp" 633
"../../../Engine/Content/EngineSky/VolumetricClouds/m_SimpleVolumetricCloud.uasset" 634
"../../../Engine/Content/EngineSky/VolumetricClouds/m_SimpleVolumetricCloud.uexp" 635
"../../../Engine/Content/EngineSky/VolumetricClouds/m_SimpleVolumetricCloud_Inst.uasset" 636
"../../../Engine/Content/EngineSky/VolumetricClouds/m_SimpleVolumetricCloud_Inst.uexp" 637
"../../../Engine/Content/EngineResources/FilmGrains/Marcie_Grain_v3_128_M2_000.uasset" 638
"../../../Engine/Content/EngineResources/FilmGrains/Marcie_Grain_v3_128_M2_000.uexp" 639
"../../../Engine/Content/EngineFonts/Faces/RobotoLight.uexp" 640
"../../../Engine/Content/EngineFonts/Faces/RobotoLight.uasset" 641
"../../../Engine/Content/EngineFonts/Faces/RobotoLight.ufont" 642
"../../../Engine/Content/EngineFonts/Faces/RobotoBold.uexp" 643
"../../../Engine/Content/EngineFonts/Faces/RobotoBold.uasset" 644
"../../../Engine/Content/EngineFonts/Faces/RobotoBold.ufont" 645
"../../../Engine/Content/EngineFonts/Faces/RobotoRegular.uexp" 646
"../../../Engine/Content/EngineFonts/Faces/RobotoRegular.uasset" 647
"../../../Engine/Content/EngineFonts/Faces/RobotoRegular.ufont" 648
"../../../Engine/Content/EngineFonts/Faces/DroidSansFallback.uexp" 649
"../../../Engine/Content/EngineFonts/Faces/DroidSansFallback.uasset" 650
"../../../Engine/Content/EngineFonts/Faces/DroidSansFallback.ufont" 651
"../../../Engine/Content/EngineFonts/Faces/RobotoItalic.uexp" 652
"../../../Engine/Content/EngineFonts/Faces/RobotoItalic.uasset" 653
"../../../Engine/Content/EngineFonts/Faces/RobotoItalic.ufont" 654
"../../../Engine/Content/EngineFonts/Faces/RobotoBoldItalic.uexp" 655
"../../../Engine/Content/EngineFonts/Faces/RobotoBoldItalic.uasset" 656
"../../../Engine/Content/EngineFonts/Faces/RobotoBoldItalic.ufont" 657
"../../../Engine/Content/EngineFonts/Roboto.uasset" 658
"../../../Engine/Content/EngineFonts/Roboto.uexp" 659
"C:/SlyStudios/CircleGameTemplate/CircleGame/Content/Sounds/Music/Music_EasyCheesy.ubulk" 660
"C:/SlyStudios/CircleGameTemplate/CircleGame/Content/Sounds/Music/Music_EasyCheesy.uasset" 661
"C:/SlyStudios/CircleGameTemplate/CircleGame/Content/Sounds/Music/Music_EasyCheesy.uexp" 662
"C:/SlyStudios/CircleGameTemplate/CircleGame/Content/Sounds/Music/Music_EasyCheesy_Cue.uasset" 663
"C:/SlyStudios/CircleGameTemplate/CircleGame/Content/Sounds/Music/Music_EasyCheesy_Cue.uexp" 664
"C:/SlyStudios/CircleGameTemplate/CircleGame/Content/AABModels_CircleGame/Obstacles/L2_Scoop.ubulk" 665
"C:/SlyStudios/CircleGameTemplate/CircleGame/Content/AABModels_CircleGame/Obstacles/L2_Scoop.uasset" 666
"C:/SlyStudios/CircleGameTemplate/CircleGame/Content/AABModels_CircleGame/Obstacles/L2_Scoop.uexp" 667
"C:/SlyStudios/CircleGameTemplate/CircleGame/Content/AABModels_CircleGame/Obstacles/L2_RingSlots.ubulk" 668
"C:/SlyStudios/CircleGameTemplate/CircleGame/Content/AABModels_CircleGame/Obstacles/L2_RingSlots.uasset" 669
"C:/SlyStudios/CircleGameTemplate/CircleGame/Content/AABModels_CircleGame/Obstacles/L2_RingSlots.uexp" 670
"C:/SlyStudios/CircleGameTemplate/CircleGame/Content/AABModels_CircleGame/Obstacles/L2_Ring.ubulk" 671
"C:/SlyStudios/CircleGameTemplate/CircleGame/Content/AABModels_CircleGame/Obstacles/L2_Ring.uasset" 672
"C:/SlyStudios/CircleGameTemplate/CircleGame/Content/AABModels_CircleGame/Obstacles/L2_Ring.uexp" 673
"C:/SlyStudios/CircleGameTemplate/CircleGame/Content/AABModels_CircleGame/Obstacles/L2_Cylinders.ubulk" 674
"C:/SlyStudios/CircleGameTemplate/CircleGame/Content/AABModels_CircleGame/Obstacles/L2_Cylinders.uasset" 675
"C:/SlyStudios/CircleGameTemplate/CircleGame/Content/AABModels_CircleGame/Obstacles/L2_Cylinders.uexp" 676
"C:/SlyStudios/CircleGameTemplate/CircleGame/Content/AABModels_CircleGame/Obstacles/L1_SingleDash.ubulk" 677
"C:/SlyStudios/CircleGameTemplate/CircleGame/Content/AABModels_CircleGame/Obstacles/L1_SingleDash.uasset" 678
"C:/SlyStudios/CircleGameTemplate/CircleGame/Content/AABModels_CircleGame/Obstacles/L1_SingleDash.uexp" 679
"C:/SlyStudios/CircleGameTemplate/CircleGame/Content/AABModels_CircleGame/Obstacles/L1_Scoop.ubulk" 680
"C:/SlyStudios/CircleGameTemplate/CircleGame/Content/AABModels_CircleGame/Obstacles/L1_Scoop.uasset" 681
"C:/SlyStudios/CircleGameTemplate/CircleGame/Content/AABModels_CircleGame/Obstacles/L1_Scoop.uexp" 682
"C:/SlyStudios/CircleGameTemplate/CircleGame/Content/AABModels_CircleGame/Obstacles/L1_ball.ubulk" 683
"C:/SlyStudios/CircleGameTemplate/CircleGame/Content/AABModels_CircleGame/Obstacles/L1_ball.uasset" 684
"C:/SlyStudios/CircleGameTemplate/CircleGame/Content/AABModels_CircleGame/Obstacles/L1_ball.uexp" 685
"C:/SlyStudios/CircleGameTemplate/CircleGame/Content/AAATextures_CircleGame/Colors/Unshaded1_White.uasset" 686
"C:/SlyStudios/CircleGameTemplate/CircleGame/Content/AAATextures_CircleGame/Colors/Unshaded1_White.uexp" 687
"../../../Engine/Content/MobileResources/HUD/VirtualJoystick_Background.uasset" 688
"../../../Engine/Content/MobileResources/HUD/VirtualJoystick_Background.uexp" 689
"../../../Engine/Content/MobileResources/HUD/VirtualJoystick_Thumb.uasset" 690
"../../../Engine/Content/MobileResources/HUD/VirtualJoystick_Thumb.uexp" 691
"../../../Engine/Content/MobileResources/HUD/DefaultVirtualJoysticks.uasset" 692
"../../../Engine/Content/MobileResources/HUD/DefaultVirtualJoysticks.uexp" 693
"../../../Engine/Content/Functions/Engine_MaterialFunctions02/Utility/CameraDirectionVector.uasset" 694
"../../../Engine/Content/Functions/Engine_MaterialFunctions02/Utility/CameraDirectionVector.uexp" 695
"../../../Engine/Content/EngineDebugMaterials/VolumeToRender.uasset" 696
"../../../Engine/Content/EngineDebugMaterials/VolumeToRender.uexp" 697
"../../../Engine/Content/EngineDebugMaterials/M_VolumeRenderSphereTracePP.uasset" 698
"../../../Engine/Content/EngineDebugMaterials/M_VolumeRenderSphereTracePP.uexp" 699
"../../../Engine/Content/EngineDebugMaterials/M_SimpleUnlitTranslucent.uasset" 700
"../../../Engine/Content/EngineDebugMaterials/M_SimpleUnlitTranslucent.uexp" 701
"../../../Engine/Content/EngineDebugMaterials/DebugMeshMaterial.uasset" 702
"../../../Engine/Content/EngineDebugMaterials/DebugMeshMaterial.uexp" 703
"../../../Engine/Content/EngineDebugMaterials/DebugEditorMaterial.uasset" 704
"../../../Engine/Content/EngineDebugMaterials/DebugEditorMaterial.uexp" 705
"../../../Engine/Content/EngineDamageTypes/DmgTypeBP_Environmental.uasset" 706
"../../../Engine/Content/EngineDamageTypes/DmgTypeBP_Environmental.uexp" 707
"../../../Engine/Content/EditorResources/S_Terrain.ubulk" 708
"../../../Engine/Content/EditorResources/S_Terrain.uasset" 709
"../../../Engine/Content/EditorResources/S_Terrain.uexp" 710
"../../../Engine/Content/EditorResources/EmptyActor.uasset" 711
"../../../Engine/Content/EditorResources/EmptyActor.uexp" 712
"../../../Engine/Content/EditorResources/BSPVertex.uasset" 713
"../../../Engine/Content/EditorResources/BSPVertex.uexp" 714
"../../../Engine/Content/EditorResources/SequenceRecorder/RecordingIndicator.uasset" 715
"../../../Engine/Content/EditorResources/SequenceRecorder/RecordingIndicator.uexp" 716
"../../../Engine/Content/EditorResources/SequenceRecorder/Countdown.uasset" 717
"../../../Engine/Content/EditorResources/SequenceRecorder/Countdown.uexp" 718
"../../../Engine/Content/EditorResources/AudioIcons/S_AudioComponent_AutoActivate.uasset" 719
"../../../Engine/Content/EditorResources/AudioIcons/S_AudioComponent_AutoActivate.uexp" 720
"../../../Engine/Content/EditorMaterials/PreviewShadowIndicator.ubulk" 721
"../../../Engine/Content/EditorMaterials/PreviewShadowIndicator.uasset" 722
"../../../Engine/Content/EditorMaterials/PreviewShadowIndicator.uexp" 723
"../../../Engine/Content/EditorMaterials/PreviewShadowIndicatorMaterial.uasset" 724
"../../../Engine/Content/EditorMaterials/PreviewShadowIndicatorMaterial.uexp" 725
"../../../Engine/Content/EditorMaterials/PhAT_UnselectedMaterial.uasset" 726
"../../../Engine/Content/EditorMaterials/PhAT_UnselectedMaterial.uexp" 727
"../../../Engine/Content/EditorMaterials/PhAT_NoCollisionMaterial.uasset" 728
"../../../Engine/Content/EditorMaterials/PhAT_NoCollisionMaterial.uexp" 729
"C:/SlyStudios/CircleGameTemplate/CircleGame/Content/Sounds/SFX/Menu/Menu_Accept.ubulk" 730
"C:/SlyStudios/CircleGameTemplate/CircleGame/Content/Sounds/SFX/Menu/Menu_Accept.uasset" 731
"C:/SlyStudios/CircleGameTemplate/CircleGame/Content/Sounds/SFX/Menu/Menu_Accept.uexp" 732
"C:/SlyStudios/CircleGameTemplate/CircleGame/Content/Sounds/SFX/impact/ball_hit1.ubulk" 733
"C:/SlyStudios/CircleGameTemplate/CircleGame/Content/Sounds/SFX/impact/ball_hit1.uasset" 734
"C:/SlyStudios/CircleGameTemplate/CircleGame/Content/Sounds/SFX/impact/ball_hit1.uexp" 735
"C:/SlyStudios/CircleGameTemplate/CircleGame/Content/AABModels_CircleGame/Effects/Shreds/Shred2.ubulk" 736
"C:/SlyStudios/CircleGameTemplate/CircleGame/Content/AABModels_CircleGame/Effects/Shreds/Shred2.uasset" 737
"C:/SlyStudios/CircleGameTemplate/CircleGame/Content/AABModels_CircleGame/Effects/Shreds/Shred2.uexp" 738
"C:/SlyStudios/CircleGameTemplate/CircleGame/Content/AAATextures_CircleGame/Colors/Textures/ShineTexture.uasset" 739
"C:/SlyStudios/CircleGameTemplate/CircleGame/Content/AAATextures_CircleGame/Colors/Textures/ShineTexture.uexp" 740
"C:/SlyStudios/CircleGameTemplate/CircleGame/Content/AAATextures_CircleGame/Colors/Textures/roughPattern.uasset" 741
"C:/SlyStudios/CircleGameTemplate/CircleGame/Content/AAATextures_CircleGame/Colors/Textures/roughPattern.uexp" 742
"../../../Engine/Content/Functions/Engine_MaterialFunctions01/Shading/PowerToRoughness.uasset" 743
"../../../Engine/Content/Functions/Engine_MaterialFunctions01/Shading/PowerToRoughness.uexp" 744
"../../../Engine/Content/Functions/Engine_MaterialFunctions01/Shading/ConvertFromDiffSpec.uasset" 745
"../../../Engine/Content/Functions/Engine_MaterialFunctions01/Shading/ConvertFromDiffSpec.uexp" 746
"C:/SlyStudios/CircleGameTemplate/CircleGame/Content/AABModels_CircleGame/Obstacles/L3_RingSlots.ubulk" 747
"C:/SlyStudios/CircleGameTemplate/CircleGame/Content/AABModels_CircleGame/Obstacles/L3_RingSlots.uasset" 748
"C:/SlyStudios/CircleGameTemplate/CircleGame/Content/AABModels_CircleGame/Obstacles/L3_RingSlots.uexp" 749
"C:/SlyStudios/CircleGameTemplate/CircleGame/Content/AABModels_CircleGame/Obstacles/L1_ring.ubulk" 750
"C:/SlyStudios/CircleGameTemplate/CircleGame/Content/AABModels_CircleGame/Obstacles/L1_ring.uasset" 751
"C:/SlyStudios/CircleGameTemplate/CircleGame/Content/AABModels_CircleGame/Obstacles/L1_ring.uexp" 752
"C:/SlyStudios/CircleGameTemplate/CircleGame/Content/Blueprints/ObstacleCreator.uasset" 753
"C:/SlyStudios/CircleGameTemplate/CircleGame/Content/Blueprints/ObstacleCreator.uexp" 754
"C:/SlyStudios/CircleGameTemplate/CircleGame/Content/AABModels_CircleGame/Obstacles/L2_Triangle.ubulk" 755
"C:/SlyStudios/CircleGameTemplate/CircleGame/Content/AABModels_CircleGame/Obstacles/L2_Triangle.uasset" 756
"C:/SlyStudios/CircleGameTemplate/CircleGame/Content/AABModels_CircleGame/Obstacles/L2_Triangle.uexp" 757
"C:/SlyStudios/CircleGameTemplate/CircleGame/Content/Blueprints/CircleGameMode.uasset" 758
"C:/SlyStudios/CircleGameTemplate/CircleGame/Content/Blueprints/CircleGameMode.uexp" 759
"C:/SlyStudios/CircleGameTemplate/CircleGame/Content/AABModels_CircleGame/Obstacles/L3_Ring.ubulk" 760
"C:/SlyStudios/CircleGameTemplate/CircleGame/Content/AABModels_CircleGame/Obstacles/L3_Ring.uasset" 761
"C:/SlyStudios/CircleGameTemplate/CircleGame/Content/AABModels_CircleGame/Obstacles/L3_Ring.uexp" 762
"C:/SlyStudios/CircleGameTemplate/CircleGame/Content/AABModels_CircleGame/Obstacles/L3_RingMiddleSplit.ubulk" 763
"C:/SlyStudios/CircleGameTemplate/CircleGame/Content/AABModels_CircleGame/Obstacles/L3_RingMiddleSplit.uasset" 764
"C:/SlyStudios/CircleGameTemplate/CircleGame/Content/AABModels_CircleGame/Obstacles/L3_RingMiddleSplit.uexp" 765
"../../../Engine/Content/Functions/Engine_MaterialFunctions02/Utility/MakeFloat4.uasset" 766
"../../../Engine/Content/Functions/Engine_MaterialFunctions02/Utility/MakeFloat4.uexp" 767
"../../../Engine/Content/Functions/Engine_MaterialFunctions02/Utility/Sine_Remapped.uasset" 768
"../../../Engine/Content/Functions/Engine_MaterialFunctions02/Utility/Sine_Remapped.uexp" 769
"../../../Engine/Content/EngineDebugMaterials/HeatmapGradient.ubulk" 770
"../../../Engine/Content/EngineDebugMaterials/HeatmapGradient.uasset" 771
"../../../Engine/Content/EngineDebugMaterials/HeatmapGradient.uexp" 772
"../../../Engine/Content/Functions/Engine_MaterialFunctions01/ImageAdjustment/CheapContrast_RGB.uasset" 773
"../../../Engine/Content/Functions/Engine_MaterialFunctions01/ImageAdjustment/CheapContrast_RGB.uexp" 774
"../../../Engine/Content/Functions/Engine_MaterialFunctions01/Gradient/LinearGradient.uasset" 775
"../../../Engine/Content/Functions/Engine_MaterialFunctions01/Gradient/LinearGradient.uexp" 776
"../../../Engine/Content/Functions/Engine_MaterialFunctions01/ImageAdjustment/CheapContrast.uasset" 777
"../../../Engine/Content/Functions/Engine_MaterialFunctions01/ImageAdjustment/CheapContrast.uexp" 778
"../../../Engine/Content/Functions/Engine_MaterialFunctions01/Texturing/WorldAlignedTexture.uasset" 779
"../../../Engine/Content/Functions/Engine_MaterialFunctions01/Texturing/WorldAlignedTexture.uexp" 780
"C:/SlyStudios/CircleGameTemplate/CircleGame/Content/AAATextures_CircleGame/Effects/PostProcess/ToonShaderNewCURRENT.uasset" 781
"C:/SlyStudios/CircleGameTemplate/CircleGame/Content/AAATextures_CircleGame/Effects/PostProcess/ToonShaderNewCURRENT.uexp" 782
"C:/SlyStudios/CircleGameTemplate/CircleGame/Content/AAATextures_CircleGame/Effects/PostProcess/ToonShaderNewInst1.uasset" 783
"C:/SlyStudios/CircleGameTemplate/CircleGame/Content/AAATextures_CircleGame/Effects/PostProcess/ToonShaderNewInst1.uexp" 784
"C:/SlyStudios/CircleGameTemplate/CircleGame/Content/Levels/Main.uexp" 785
"C:/SlyStudios/CircleGameTemplate/CircleGame/Content/Levels/Main.umap" 786
